<?xml version="1.0" encoding="UTF-8"?>
<!-- Generated by org.testng.reporters.JUnitXMLReporter -->
<testsuite ignored="1" hostname="pcAliiif" failures="0" tests="3" name="Test" time="24.584" errors="0" timestamp="2025-03-29T20:08:31 CET">
  <testcase classname="com.tunisianet.TestCases.TestHomePage" name="tunisiaNetLogoTest" time="0.28"/>
  <testcase classname="com.tunisianet.TestCases.TestHomePage" name="verifTittle" time="0.04"/>
  <testcase classname="com.tunisianet.TestCases.loginPageTest" name="connexion" time="0.0"/>
  <testcase classname="com.tunisianet.base.BaseClass" name="@BeforeTest loadConfig" time="0.0">
    <ignored/>
  </testcase> <!-- @BeforeTest loadConfig -->
</testsuite> <!-- Test -->
