<?xml version="1.0" encoding="UTF-8"?>
<testsuite xmlns:xsi="http://www.w3.org/2001/XMLSchema-instance" xsi:noNamespaceSchemaLocation="https://maven.apache.org/surefire/maven-surefire-plugin/xsd/surefire-test-report-3.0.xsd" version="3.0" name="TestSuite" time="24.731" tests="3" errors="0" skipped="0" failures="0">
  <properties>
[...]
</properties>
  <testcase name="tunisiaNetLogoTest" classname="com.tunisianet.TestCases.TestHomePage" time="0.207"/>
  <testcase name="verifTittle" classname="com.tunisianet.TestCases.TestHomePage" time="0.028"/>
  <testcase name="connexion" classname="com.tunisianet.TestCases.loginPageTest" time="0"/>
</testsuite>