<?xml version="1.0" encoding="UTF-8"?>
<testng-results ignored="1" total="4" passed="3" failed="0" skipped="0">
  <reporter-output>
  </reporter-output>
  <suite started-at="2025-03-29T21:18:39 CET" name="Suite" finished-at="2025-03-29T21:18:53 CET" duration-ms="14554">
    <groups>
    </groups>
    <test started-at="2025-03-29T21:18:39 CET" name="Test" finished-at="2025-03-29T21:18:53 CET" duration-ms="14554">
      <class name="com.tunisianet.TestCases.TestHomePage">
        <test-method is-config="true" signature="loadConfig()[pri:0, instance:com.tunisianet.TestCases.TestHomePage@45018215]" started-at="2025-03-29T21:18:39 CET" name="loadConfig" finished-at="2025-03-29T21:18:39 CET" duration-ms="11" status="PASS">
          <reporter-output>
          </reporter-output>
        </test-method> <!-- loadConfig -->
        <test-method is-config="true" signature="setUp()[pri:0, instance:com.tunisianet.TestCases.TestHomePage@45018215]" started-at="2025-03-29T21:18:39 CET" name="setUp" finished-at="2025-03-29T21:18:46 CET" duration-ms="6866" status="PASS">
          <reporter-output>
          </reporter-output>
        </test-method> <!-- setUp -->
        <test-method signature="tunisiaNetLogoTest()[pri:0, instance:com.tunisianet.TestCases.TestHomePage@45018215]" started-at="2025-03-29T21:18:46 CET" name="tunisiaNetLogoTest" finished-at="2025-03-29T21:18:46 CET" duration-ms="177" status="PASS">
          <reporter-output>
          </reporter-output>
        </test-method> <!-- tunisiaNetLogoTest -->
        <test-method is-config="true" signature="tearDown()[pri:0, instance:com.tunisianet.TestCases.TestHomePage@45018215]" started-at="2025-03-29T21:18:46 CET" name="tearDown" finished-at="2025-03-29T21:18:46 CET" duration-ms="142" status="PASS">
          <reporter-output>
          </reporter-output>
        </test-method> <!-- tearDown -->
        <test-method is-config="true" signature="setUp()[pri:0, instance:com.tunisianet.TestCases.TestHomePage@45018215]" started-at="2025-03-29T21:18:46 CET" name="setUp" finished-at="2025-03-29T21:18:50 CET" duration-ms="3835" status="PASS">
          <reporter-output>
          </reporter-output>
        </test-method> <!-- setUp -->
        <test-method signature="verifTittle()[pri:0, instance:com.tunisianet.TestCases.TestHomePage@45018215]" started-at="2025-03-29T21:18:50 CET" name="verifTittle" finished-at="2025-03-29T21:18:50 CET" duration-ms="9" status="PASS">
          <reporter-output>
          </reporter-output>
        </test-method> <!-- verifTittle -->
        <test-method is-config="true" signature="tearDown()[pri:0, instance:com.tunisianet.TestCases.TestHomePage@45018215]" started-at="2025-03-29T21:18:50 CET" name="tearDown" finished-at="2025-03-29T21:18:50 CET" duration-ms="100" status="PASS">
          <reporter-output>
          </reporter-output>
        </test-method> <!-- tearDown -->
      </class> <!-- com.tunisianet.TestCases.TestHomePage -->
      <class name="com.tunisianet.TestCases.loginPageTest">
        <test-method is-config="true" signature="setUp()[pri:0, instance:com.tunisianet.TestCases.loginPageTest@65d6b83b]" started-at="2025-03-29T21:18:50 CET" name="setUp" finished-at="2025-03-29T21:18:53 CET" duration-ms="3256" status="PASS">
          <reporter-output>
          </reporter-output>
        </test-method> <!-- setUp -->
        <test-method signature="connexion()[pri:0, instance:com.tunisianet.TestCases.loginPageTest@65d6b83b]" started-at="2025-03-29T21:18:53 CET" name="connexion" finished-at="2025-03-29T21:18:53 CET" duration-ms="0" status="PASS">
          <reporter-output>
          </reporter-output>
        </test-method> <!-- connexion -->
        <test-method is-config="true" signature="tearDown()[pri:0, instance:com.tunisianet.TestCases.loginPageTest@65d6b83b]" started-at="2025-03-29T21:18:53 CET" name="tearDown" finished-at="2025-03-29T21:18:53 CET" duration-ms="136" status="PASS">
          <reporter-output>
          </reporter-output>
        </test-method> <!-- tearDown -->
      </class> <!-- com.tunisianet.TestCases.loginPageTest -->
    </test> <!-- Test -->
  </suite> <!-- Suite -->
</testng-results>
